Command: /home/dwvshep/uvm_project/verification/./build/rs.simv +vcs+coverage+on -cm line+branch+assert+cond+fsm +UVM_TESTNAME=rs_test +UVM_VERBOSITY=UVM_LOW -l build/rs_sim.log
Chronologic VCS simulator copyright 1991-2023
Contains Synopsys proprietary information.
Compiler version V-2023.12-SP2-1_Full64; Runtime version V-2023.12-SP2-1_Full64;  May 28 14:01 2025
UVM_INFO /usr/caen/vcs-2023.12-SP2-1/etc/uvm-1.2/base/uvm_root.svh(402) @ 0: reporter [UVM/RELNOTES] 
----------------------------------------------------------------
UVM-1.2.Synopsys
(C) 2007-2014 Mentor Graphics Corporation
(C) 2007-2014 Cadence Design Systems, Inc.
(C) 2006-2014 Synopsys, Inc.
(C) 2011-2013 Cypress Semiconductor Corp.
(C) 2013-2014 NVIDIA Corporation
----------------------------------------------------------------

  ***********       IMPORTANT RELEASE NOTES         ************

  You are using a version of the UVM library that has been compiled
  with `UVM_NO_DEPRECATED undefined.
  See http://www.eda.org/svdb/view.php?id=3313 for more details.

  You are using a version of the UVM library that has been compiled
  with `UVM_OBJECT_DO_NOT_NEED_CONSTRUCTOR undefined.
  See http://www.eda.org/svdb/view.php?id=3770 for more details.

      (Specify +UVM_NO_RELNOTES to turn off this notice)

VCD+ Writer V-2023.12-SP2-1_Full64 Copyright (c) 1991-2023 by Synopsys Inc.
UVM_INFO @ 0: reporter [RNTST] Running test rs_test...
UVM_INFO /usr/caen/vcs-2023.12-SP2-1/etc/uvm-1.2/base/uvm_objection.svh(1276) @ 1000000: reporter [TEST_DONE] 'run' phase is ready to proceed to the 'extract' phase
UVM_INFO /usr/caen/vcs-2023.12-SP2-1/etc/uvm-1.2/base/uvm_report_server.svh(904) @ 1000000: reporter [UVM/REPORT/SERVER] 
--- UVM Report Summary ---

** Report counts by severity
UVM_INFO :    3
UVM_WARNING :    0
UVM_ERROR :    0
UVM_FATAL :    0
** Report counts by id
[RNTST]     1
[TEST_DONE]     1
[UVM/RELNOTES]     1

$finish called from file "/usr/caen/vcs-2023.12-SP2-1/etc/uvm-1.2/base/uvm_root.svh", line 527.
$finish at simulation time              1000000

---------------------------------------------------------------------------
VCS Coverage Metrics: during simulation line, cond, FSM, branch was monitored
---------------------------------------------------------------------------
           V C S   S i m u l a t i o n   R e p o r t 
Time: 100000000 ps
CPU Time:     12.050 seconds;       Data structure size:   0.6Mb
Wed May 28 14:02:00 2025
