/usr/caen/vcs-2023.12-SP2-1/etc/uvm-1.2/base/uvm_object_globals.svh:105 NO "a disabled 'break', 'continue', or 'return' statement" (106)
/usr/caen/vcs-2023.12-SP2-1/etc/uvm-1.2/base/uvm_misc.svh:367 NO "a dynamic type expression" (367)
/usr/caen/vcs-2023.12-SP2-1/etc/uvm-1.2/base/uvm_misc.svh:376 NO "a non-pure void function call" (377)
/usr/caen/vcs-2023.12-SP2-1/etc/uvm-1.2/base/uvm_misc.svh:395 YES
/usr/caen/vcs-2023.12-SP2-1/etc/uvm-1.2/base/uvm_misc.svh:401 NO "a disabled 'break', 'continue', or 'return' statement" (401)
/usr/caen/vcs-2023.12-SP2-1/etc/uvm-1.2/base/uvm_misc.svh:405 YES
/usr/caen/vcs-2023.12-SP2-1/etc/uvm-1.2/base/uvm_misc.svh:471 NO "a dynamic type expression" (471)
/usr/caen/vcs-2023.12-SP2-1/etc/uvm-1.2/base/uvm_misc.svh:474 NO "a system function with side effects: $$assocexists" (474)
/usr/caen/vcs-2023.12-SP2-1/etc/uvm-1.2/base/uvm_misc.svh:480 NO "a system function with side effects: $$assocexists" (480)
/usr/caen/vcs-2023.12-SP2-1/etc/uvm-1.2/base/uvm_misc.svh:483 NO "a system function with side effects: $$assocexists" (483)
/usr/caen/vcs-2023.12-SP2-1/etc/uvm-1.2/base/uvm_misc.svh:501 NO "a dynamic type expression" (501)
/usr/caen/vcs-2023.12-SP2-1/etc/uvm-1.2/base/uvm_misc.svh:517 YES
/usr/caen/vcs-2023.12-SP2-1/etc/uvm-1.2/base/uvm_misc.svh:526 NO "a dynamic type expression" (526)
/usr/caen/vcs-2023.12-SP2-1/etc/uvm-1.2/base/uvm_misc.svh:530 NO "a dynamic type expression" (530)
/usr/caen/vcs-2023.12-SP2-1/etc/uvm-1.2/base/uvm_misc.svh:531 NO "a dynamic type expression" (530)
/usr/caen/vcs-2023.12-SP2-1/etc/uvm-1.2/base/uvm_misc.svh:533 NO "a dynamic type expression" (530)
/usr/caen/vcs-2023.12-SP2-1/etc/uvm-1.2/base/uvm_misc.svh:536 NO "a dynamic type expression" (538)
/usr/caen/vcs-2023.12-SP2-1/etc/uvm-1.2/base/uvm_misc.svh:537 YES
/usr/caen/vcs-2023.12-SP2-1/etc/uvm-1.2/base/uvm_misc.svh:553 NO "a disabled 'break', 'continue', or 'return' statement" (554)
/usr/caen/vcs-2023.12-SP2-1/etc/uvm-1.2/base/uvm_misc.svh:557 YES
/usr/caen/vcs-2023.12-SP2-1/etc/uvm-1.2/base/uvm_misc.svh:567 NO "a disabled 'break', 'continue', or 'return' statement" (568)
/usr/caen/vcs-2023.12-SP2-1/etc/uvm-1.2/base/uvm_misc.svh:585 NO "a disabled 'break', 'continue', or 'return' statement" (586)
/usr/caen/vcs-2023.12-SP2-1/etc/uvm-1.2/base/uvm_misc.svh:589 YES
/usr/caen/vcs-2023.12-SP2-1/etc/uvm-1.2/base/uvm_misc.svh:599 NO "a disabled 'break', 'continue', or 'return' statement" (600)
/usr/caen/vcs-2023.12-SP2-1/etc/uvm-1.2/base/uvm_misc.svh:627 NO "a dynamic type expression" (627)
/usr/caen/vcs-2023.12-SP2-1/etc/uvm-1.2/base/uvm_misc.svh:630 NO "a dynamic type expression" (627)
/usr/caen/vcs-2023.12-SP2-1/etc/uvm-1.2/base/uvm_misc.svh:631 NO "a dynamic type expression" (627)
/usr/caen/vcs-2023.12-SP2-1/etc/uvm-1.2/base/uvm_misc.svh:641 NO "a dynamic type expression" (642)
/usr/caen/vcs-2023.12-SP2-1/etc/uvm-1.2/base/uvm_misc.svh:661 NO "a dynamic type expression" (661)
/usr/caen/vcs-2023.12-SP2-1/etc/uvm-1.2/base/uvm_misc.svh:663 NO "a dynamic type expression" (661)
/usr/caen/vcs-2023.12-SP2-1/etc/uvm-1.2/base/uvm_misc.svh:666 NO "a dynamic type expression" (667)
/usr/caen/vcs-2023.12-SP2-1/etc/uvm-1.2/base/uvm_misc.svh:688 NO "a dynamic type expression" (688)
/usr/caen/vcs-2023.12-SP2-1/etc/uvm-1.2/base/uvm_misc.svh:693 NO "a dynamic type expression" (693)
/usr/caen/vcs-2023.12-SP2-1/etc/uvm-1.2/base/uvm_component.svh:1740 NO "a dynamic type expression" (1740)
/usr/caen/vcs-2023.12-SP2-1/etc/uvm-1.2/base/uvm_component.svh:1755 NO "a non-pure function call: is_verdi_trace_dht_used_by_sep" (1757)
/usr/caen/vcs-2023.12-SP2-1/etc/uvm-1.2/base/uvm_component.svh:1775 NO "a dynamic type expression" (1775)
/usr/caen/vcs-2023.12-SP2-1/etc/uvm-1.2/base/uvm_component.svh:1788 NO "a non-pure function call: is_verdi_trace_no_implicit_get_used_by_sep" (1790)
/usr/caen/vcs-2023.12-SP2-1/etc/uvm-1.2/base/uvm_component.svh:2813 NO "a dynamic type expression" (2813)
/usr/caen/vcs-2023.12-SP2-1/etc/uvm-1.2/base/uvm_component.svh:2826 NO "a non-pure function call: is_verdi_trace_tlm_used_by_sep" (2828)
/usr/caen/vcs-2023.12-SP2-1/etc/uvm-1.2/base/uvm_component.svh:2840 NO "a non-pure function call: uvm_cmdline_processor::get_arg_matches" (2843)
/usr/caen/vcs-2023.12-SP2-1/etc/uvm-1.2/base/uvm_globals.svh:~166 YES
/usr/caen/vcs-2023.12-SP2-1/etc/uvm-1.2/base/uvm_globals.svh:294 NO "a dynamic type expression" (294)
/usr/caen/vcs-2023.12-SP2-1/etc/uvm-1.2/base/uvm_globals.svh:311 NO "a dynamic type expression" (311)
/usr/caen/vcs-2023.12-SP2-1/etc/uvm-1.2/base/uvm_globals.svh:346 NO "a dynamic variable" (346)
/usr/caen/vcs-2023.12-SP2-1/etc/uvm-1.2/base/uvm_globals.svh:347 NO "a dynamic variable" (346)
/usr/caen/vcs-2023.12-SP2-1/etc/uvm-1.2/base/uvm_globals.svh:370 NO "a dynamic variable" (370)
/usr/caen/vcs-2023.12-SP2-1/etc/uvm-1.2/base/uvm_globals.svh:371 NO "a dynamic variable" (370)
/usr/caen/vcs-2023.12-SP2-1/etc/uvm-1.2/base/uvm_globals.svh:393 NO "a dynamic variable" (393)
/usr/caen/vcs-2023.12-SP2-1/etc/uvm-1.2/base/uvm_globals.svh:394 NO "a dynamic variable" (393)
/usr/caen/vcs-2023.12-SP2-1/etc/uvm-1.2/base/uvm_globals.svh:516 NO "a dynamic type expression" (516)
/usr/caen/vcs-2023.12-SP2-1/etc/uvm-1.2/base/uvm_globals.svh:517 NO "a dynamic type expression" (518)
/usr/caen/vcs-2023.12-SP2-1/etc/uvm-1.2/base/uvm_globals.svh:604 NO "a dynamic type expression" (604)
/usr/caen/vcs-2023.12-SP2-1/etc/uvm-1.2/base/uvm_globals.svh:617 NO "a non-pure function call: is_verdi_trace_aware_used_by_sep" (619)
/usr/caen/vcs-2023.12-SP2-1/etc/uvm-1.2/base/uvm_globals.svh:647 NO "a disabled 'break', 'continue', or 'return' statement" (649)
/usr/caen/vcs-2023.12-SP2-1/etc/uvm-1.2/base/uvm_globals.svh:662 NO "a dynamic type expression" (662)
/usr/caen/vcs-2023.12-SP2-1/etc/uvm-1.2/reg/uvm_reg_model.svh:394 NO "a dynamic variable" (394)
/usr/caen/vcs-2023.12-SP2-1/etc/uvm-1.2/reg/uvm_reg_model.svh:403 NO "a dynamic variable" (403)
/usr/caen/vcs-2023.12-SP2-1/etc/uvm-1.2/dpi/uvm_hdl.svh:122 NO "a non-pure function call: uvm_hdl_deposit__IMP_DPI_WR_" (123)
/usr/caen/vcs-2023.12-SP2-1/etc/uvm-1.2/dpi/uvm_hdl.svh:126 NO "a non-pure function call: uvm_hdl_force__IMP_DPI_WR_" (126)
/usr/caen/vcs-2023.12-SP2-1/etc/uvm-1.2/base/uvm_globals.svh:52 NO "a non-pure function call: uvm_report_enabled" (52)
/usr/caen/vcs-2023.12-SP2-1/etc/uvm-1.2/base/uvm_globals.svh:52 NO "a system function with side effects: $value$plusargs" (52)
/usr/caen/vcs-2023.12-SP2-1/etc/uvm-1.2/verdi/uvm_verdi_tr_database.svh:50 NO "a non-pure function call: verdi_cmdline_processor::is_verdi_trace_tlm" (51)
/usr/caen/vcs-2023.12-SP2-1/etc/uvm-1.2/verdi/uvm_verdi_tr_database.svh:53 NO "a non-pure function call: verdi_cmdline_processor::is_verdi_trace_tlm" (51)
/usr/caen/vcs-2023.12-SP2-1/etc/uvm-1.2/verdi/uvm_verdi_tr_database.svh:56 NO "a non-pure function call: verdi_cmdline_processor::is_verdi_trace_tlm" (51)
/usr/caen/vcs-2023.12-SP2-1/etc/uvm-1.2/verdi/uvm_verdi_tr_database.svh:67 NO "a non-pure function call: verdi_cmdline_processor::is_verdi_trace_tlm2" (68)
/usr/caen/vcs-2023.12-SP2-1/etc/uvm-1.2/verdi/uvm_verdi_tr_database.svh:70 NO "a non-pure function call: verdi_cmdline_processor::is_verdi_trace_tlm2" (68)
/usr/caen/vcs-2023.12-SP2-1/etc/uvm-1.2/verdi/uvm_verdi_tr_database.svh:73 NO "a non-pure function call: verdi_cmdline_processor::is_verdi_trace_tlm2" (68)
/usr/caen/vcs-2023.12-SP2-1/etc/uvm-1.2/verdi/uvm_verdi_tr_database.svh:81 NO "a non-pure function call: test_port_plusargs" (81)
/usr/caen/vcs-2023.12-SP2-1/etc/uvm-1.2/verdi/uvm_verdi_tr_database.svh:82 NO "a disabled 'break', 'continue', or 'return' statement" (82)
/usr/caen/vcs-2023.12-SP2-1/etc/uvm-1.2/verdi/uvm_verdi_recorder.svh:40 NO "a system function with side effects: $fopen" (41)
/usr/caen/vcs-2023.12-SP2-1/etc/uvm-1.2/verdi/./dpi/uvm_verdi_dpi.svh:264 NO "a system function with side effects: $$assocexists" (264)
/usr/caen/vcs-2023.12-SP2-1/etc/uvm-1.2/verdi/./dpi/uvm_verdi_dpi.svh:275 NO "a disabled 'break', 'continue', or 'return' statement" (277)
/usr/caen/vcs-2023.12-SP2-1/etc/uvm-1.2/verdi/./dpi/uvm_verdi_dpi.svh:295 NO "a non-pure void function call" (297)
/usr/caen/vcs-2023.12-SP2-1/etc/uvm-1.2/verdi/./dpi/uvm_verdi_dpi.svh:317 NO "a dynamic type expression" (318)
/usr/caen/vcs-2023.12-SP2-1/etc/uvm-1.2/verdi/./dpi/uvm_verdi_dpi.svh:324 NO "a non-pure void function call" (326)
/usr/caen/vcs-2023.12-SP2-1/etc/uvm-1.2/verdi/./dpi/uvm_verdi_dpi.svh:377 NO "a dynamic type expression" (377)
/usr/caen/vcs-2023.12-SP2-1/etc/uvm-1.2/verdi/./dpi/uvm_verdi_dpi.svh:384 NO "a dynamic type expression" (384)
/usr/caen/vcs-2023.12-SP2-1/etc/uvm-1.2/verdi/./dpi/uvm_verdi_dpi.svh:391 NO "a dynamic type expression" (391)
/usr/caen/vcs-2023.12-SP2-1/etc/uvm-1.2/verdi/./dpi/uvm_verdi_dpi.svh:394 NO "a dynamic type expression" (394)
/usr/caen/vcs-2023.12-SP2-1/etc/uvm-1.2/verdi/./dpi/uvm_verdi_dpi.svh:399 NO "a dynamic type expression" (394)
/usr/caen/vcs-2023.12-SP2-1/etc/uvm-1.2/verdi/./dpi/uvm_verdi_dpi.svh:407 NO "a dynamic type expression" (394)
/usr/caen/vcs-2023.12-SP2-1/etc/uvm-1.2/verdi/./dpi/uvm_verdi_dpi.svh:438 NO "a non-pure function call: verdi_cmdline_processor::is_verdi_trace_vif" (438)
/usr/caen/vcs-2023.12-SP2-1/etc/uvm-1.2/verdi/./dpi/uvm_verdi_dpi.svh:442 NO "a dynamic type expression" (442)
/usr/caen/vcs-2023.12-SP2-1/etc/uvm-1.2/verdi/./dpi/uvm_verdi_dpi.svh:445 NO "a dynamic type expression" (442)
/usr/caen/vcs-2023.12-SP2-1/etc/uvm-1.2/verdi/uvm_verdi_reg_recording.sv:22 NO "a system function with side effects: $$assocexists" (22)
/usr/caen/vcs-2023.12-SP2-1/etc/uvm-1.2/verdi/uvm_verdi_reg_recording.sv:38 NO "a system function with side effects: $$assocexists" (38)
/usr/caen/vcs-2023.12-SP2-1/etc/uvm-1.2/verdi/uvm_verdi_reg_recording.sv:41 NO "a system function with side effects: $$assocexists" (38)
/usr/caen/vcs-2023.12-SP2-1/etc/uvm-1.2/verdi/uvm_verdi_reg_recording.sv:49 NO "a system function with side effects: $$assocexists" (49)
/usr/caen/vcs-2023.12-SP2-1/etc/uvm-1.2/verdi/uvm_verdi_reg_recording.sv:67 NO "a dynamic type expression" (67)
/usr/caen/vcs-2023.12-SP2-1/etc/uvm-1.2/verdi/uvm_verdi_reg_recording.sv:87 NO "a dynamic type expression" (87)
/usr/caen/vcs-2023.12-SP2-1/etc/uvm-1.2/verdi/uvm_verdi_reg_recording.sv:102 NO "a dynamic type expression" (102)
/usr/caen/vcs-2023.12-SP2-1/etc/uvm-1.2/verdi/uvm_verdi_reg_recording.sv:116 NO "a system function with side effects: $$assocexists" (116)
/usr/caen/vcs-2023.12-SP2-1/etc/uvm-1.2/verdi/uvm_verdi_reg_recording.sv:132 NO "a disabled 'break', 'continue', or 'return' statement" (134)
/usr/caen/vcs-2023.12-SP2-1/etc/uvm-1.2/verdi/uvm_verdi_reg_recording.sv:201 NO "a dynamic type expression" (201)
/usr/caen/vcs-2023.12-SP2-1/etc/uvm-1.2/verdi/uvm_verdi_reg_recording.sv:209 NO "a dynamic type expression" (209)
/usr/caen/vcs-2023.12-SP2-1/etc/uvm-1.2/verdi/uvm_verdi_reg_recording.sv:210 NO "a dynamic type expression" (209)
/usr/caen/vcs-2023.12-SP2-1/etc/uvm-1.2/verdi/uvm_verdi_reg_recording.sv:214 NO "a dynamic type expression" (214)
/usr/caen/vcs-2023.12-SP2-1/etc/uvm-1.2/verdi/uvm_verdi_reg_recording.sv:227 NO "a dynamic type expression" (227)
/usr/caen/vcs-2023.12-SP2-1/etc/uvm-1.2/verdi/uvm_verdi_reg_recording.sv:235 NO "a dynamic type expression" (235)
/usr/caen/vcs-2023.12-SP2-1/etc/uvm-1.2/verdi/uvm_verdi_reg_recording.sv:250 NO "a dynamic type expression" (250)
/usr/caen/vcs-2023.12-SP2-1/etc/uvm-1.2/verdi/uvm_verdi_reg_recording.sv:253 NO "a dynamic type expression" (253)
/usr/caen/vcs-2023.12-SP2-1/etc/uvm-1.2/verdi/uvm_verdi_reg_recording.sv:256 NO "a dynamic type expression" (256)
/usr/caen/vcs-2023.12-SP2-1/etc/uvm-1.2/verdi/uvm_verdi_reg_recording.sv:260 NO "a dynamic type expression" (256)
/usr/caen/vcs-2023.12-SP2-1/etc/uvm-1.2/verdi/uvm_verdi_reg_recording.sv:284 NO "a dynamic type expression" (256)
/usr/caen/vcs-2023.12-SP2-1/etc/uvm-1.2/verdi/uvm_verdi_reg_recording.sv:297 NO "a non-pure void function call" (298)
/usr/caen/vcs-2023.12-SP2-1/etc/uvm-1.2/verdi/uvm_verdi_reg_recording.sv:302 NO "a dynamic type expression" (302)
/usr/caen/vcs-2023.12-SP2-1/etc/uvm-1.2/verdi/uvm_verdi_reg_recording.sv:316 NO "a dynamic type expression" (316)
/usr/caen/vcs-2023.12-SP2-1/etc/uvm-1.2/verdi/uvm_verdi_reg_recording.sv:319 NO "a dynamic type expression" (319)
/usr/caen/vcs-2023.12-SP2-1/etc/uvm-1.2/verdi/uvm_verdi_reg_recording.sv:322 NO "a dynamic type expression" (322)
/usr/caen/vcs-2023.12-SP2-1/etc/uvm-1.2/verdi/uvm_verdi_reg_recording.sv:340 NO "a non-pure void function call" (341)
/usr/caen/vcs-2023.12-SP2-1/etc/uvm-1.2/verdi/uvm_verdi_reg_recording.sv:363 YES
/usr/caen/vcs-2023.12-SP2-1/etc/uvm-1.2/verdi/uvm_verdi_reg_recording.sv:367 NO "a dynamic type expression" (367)
/usr/caen/vcs-2023.12-SP2-1/etc/uvm-1.2/verdi/uvm_verdi_reg_recording.sv:368 NO "a dynamic type expression" (367)
/usr/caen/vcs-2023.12-SP2-1/etc/uvm-1.2/verdi/uvm_verdi_reg_recording.sv:372 NO "a dynamic type expression" (372)
/usr/caen/vcs-2023.12-SP2-1/etc/uvm-1.2/verdi/uvm_verdi_reg_recording.sv:380 NO "a dynamic type expression" (380)
/usr/caen/vcs-2023.12-SP2-1/etc/uvm-1.2/verdi/uvm_verdi_reg_recording.sv:391 NO "a non-pure void function call" (392)
/usr/caen/vcs-2023.12-SP2-1/etc/uvm-1.2/verdi/uvm_verdi_reg_recording.sv:393 NO "a non-pure void function call" (394)
/usr/caen/vcs-2023.12-SP2-1/etc/uvm-1.2/verdi/uvm_verdi_reg_recording.sv:395 NO "a non-pure void function call" (396)
/usr/caen/vcs-2023.12-SP2-1/etc/uvm-1.2/verdi/uvm_verdi_reg_recording.sv:399 NO "a non-pure void function call" (400)
/usr/caen/vcs-2023.12-SP2-1/etc/uvm-1.2/verdi/uvm_verdi_reg_recording.sv:406 NO "a dynamic type expression" (406)
/usr/caen/vcs-2023.12-SP2-1/etc/uvm-1.2/verdi/uvm_verdi_reg_recording.sv:408 NO "a dynamic type expression" (406)
/usr/caen/vcs-2023.12-SP2-1/etc/uvm-1.2/verdi/uvm_verdi_reg_recording.sv:412 NO "a non-pure void function call" (413)
/usr/caen/vcs-2023.12-SP2-1/etc/uvm-1.2/verdi/uvm_verdi_reg_recording.sv:415 NO "a non-pure void function call" (413)
/usr/caen/vcs-2023.12-SP2-1/etc/uvm-1.2/verdi/uvm_verdi_reg_recording.sv:439 NO "a system function with side effects: $$assocexists" (439)
/usr/caen/vcs-2023.12-SP2-1/etc/uvm-1.2/verdi/uvm_verdi_reg_recording.sv:448 NO "a dynamic type expression" (448)
/usr/caen/vcs-2023.12-SP2-1/etc/uvm-1.2/verdi/uvm_verdi_reg_recording.sv:452 NO "a dynamic type expression" (452)
/usr/caen/vcs-2023.12-SP2-1/etc/uvm-1.2/verdi/uvm_verdi_reg_recording.sv:454 NO "a dynamic type expression" (452)
/usr/caen/vcs-2023.12-SP2-1/etc/uvm-1.2/verdi/uvm_verdi_reg_recording.sv:458 NO "a dynamic type expression" (458)
/usr/caen/vcs-2023.12-SP2-1/etc/uvm-1.2/verdi/uvm_verdi_reg_recording.sv:462 NO "a dynamic type expression" (463)
/usr/caen/vcs-2023.12-SP2-1/etc/uvm-1.2/verdi/uvm_verdi_reg_recording.sv:467 NO "a dynamic type expression" (467)
/usr/caen/vcs-2023.12-SP2-1/etc/uvm-1.2/verdi/uvm_verdi_reg_recording.sv:475 NO "a dynamic type expression" (467)
/usr/caen/vcs-2023.12-SP2-1/etc/uvm-1.2/verdi/uvm_verdi_reg_recording.sv:477 NO "a dynamic type expression" (467)
/usr/caen/vcs-2023.12-SP2-1/etc/uvm-1.2/verdi/uvm_verdi_reg_recording.sv:480 NO "a dynamic type expression" (467)
/usr/caen/vcs-2023.12-SP2-1/etc/uvm-1.2/verdi/uvm_verdi_reg_recording.sv:482 NO "a dynamic type expression" (467)
/usr/caen/vcs-2023.12-SP2-1/etc/uvm-1.2/verdi/uvm_verdi_reg_recording.sv:492 NO "a dynamic type expression" (467)
/usr/caen/vcs-2023.12-SP2-1/etc/uvm-1.2/verdi/uvm_verdi_reg_recording.sv:493 NO "a dynamic type expression" (467)
/usr/caen/vcs-2023.12-SP2-1/etc/uvm-1.2/verdi/uvm_verdi_reg_recording.sv:495 NO "a dynamic type expression" (467)
/usr/caen/vcs-2023.12-SP2-1/etc/uvm-1.2/verdi/uvm_verdi_reg_recording.sv:501 NO "a dynamic type expression" (501)
/usr/caen/vcs-2023.12-SP2-1/etc/uvm-1.2/verdi/uvm_verdi_reg_recording.sv:503 NO "a dynamic type expression" (501)
/usr/caen/vcs-2023.12-SP2-1/etc/uvm-1.2/verdi/uvm_verdi_reg_recording.sv:512 NO "a non-pure void function call" (513)
/usr/caen/vcs-2023.12-SP2-1/etc/uvm-1.2/verdi/uvm_verdi_reg_recording.sv:520 NO "a non-pure void function call" (513)
/usr/caen/vcs-2023.12-SP2-1/etc/uvm-1.2/verdi/uvm_verdi_reg_recording.sv:533 NO "a non-pure function call: uvm_reg_file::has_hdl_path" (533)
/usr/caen/vcs-2023.12-SP2-1/etc/uvm-1.2/verdi/uvm_verdi_reg_recording.sv:538 NO "a dynamic type expression" (538)
/usr/caen/vcs-2023.12-SP2-1/etc/uvm-1.2/verdi/uvm_verdi_reg_recording.sv:579 NO "a dynamic type expression" (579)
/usr/caen/vcs-2023.12-SP2-1/etc/uvm-1.2/verdi/uvm_verdi_reg_recording.sv:583 NO "a dynamic type expression" (583)
/usr/caen/vcs-2023.12-SP2-1/etc/uvm-1.2/verdi/uvm_verdi_reg_recording.sv:588 NO "a dynamic type expression" (588)
/usr/caen/vcs-2023.12-SP2-1/etc/uvm-1.2/verdi/uvm_verdi_reg_recording.sv:591 NO "a dynamic type expression" (591)
/usr/caen/vcs-2023.12-SP2-1/etc/uvm-1.2/verdi/uvm_verdi_reg_recording.sv:592 NO "a dynamic type expression" (591)
/usr/caen/vcs-2023.12-SP2-1/etc/uvm-1.2/verdi/uvm_verdi_reg_recording.sv:601 NO "a dynamic type expression" (601)
/usr/caen/vcs-2023.12-SP2-1/etc/uvm-1.2/verdi/uvm_verdi_reg_recording.sv:606 NO "a dynamic type expression" (601)
/usr/caen/vcs-2023.12-SP2-1/etc/uvm-1.2/verdi/uvm_verdi_reg_recording.sv:608 NO "a dynamic type expression" (601)
/usr/caen/vcs-2023.12-SP2-1/etc/uvm-1.2/verdi/uvm_verdi_reg_recording.sv:618 NO "a dynamic type expression" (618)
/usr/caen/vcs-2023.12-SP2-1/etc/uvm-1.2/verdi/uvm_verdi_reg_recording.sv:619 NO "a dynamic type expression" (618)
/usr/caen/vcs-2023.12-SP2-1/etc/uvm-1.2/verdi/uvm_verdi_reg_recording.sv:621 NO "a dynamic type expression" (618)
/usr/caen/vcs-2023.12-SP2-1/etc/uvm-1.2/verdi/uvm_verdi_reg_recording.sv:630 NO "a dynamic type expression" (630)
/usr/caen/vcs-2023.12-SP2-1/etc/uvm-1.2/verdi/uvm_verdi_reg_recording.sv:636 NO "a non-pure void function call" (637)
/usr/caen/vcs-2023.12-SP2-1/etc/uvm-1.2/verdi/uvm_verdi_reg_recording.sv:638 NO "a non-pure void function call" (639)
/usr/caen/vcs-2023.12-SP2-1/etc/uvm-1.2/verdi/uvm_verdi_reg_recording.sv:640 NO "a non-pure void function call" (641)
/usr/caen/vcs-2023.12-SP2-1/etc/uvm-1.2/verdi/uvm_verdi_reg_recording.sv:645 NO "a dynamic type expression" (645)
/usr/caen/vcs-2023.12-SP2-1/etc/uvm-1.2/verdi/uvm_verdi_reg_recording.sv:647 NO "a dynamic type expression" (645)
/usr/caen/vcs-2023.12-SP2-1/etc/uvm-1.2/verdi/uvm_verdi_reg_recording.sv:648 NO "a dynamic type expression" (645)
/usr/caen/vcs-2023.12-SP2-1/etc/uvm-1.2/verdi/uvm_verdi_reg_recording.sv:653 NO "a dynamic type expression" (645)
/usr/caen/vcs-2023.12-SP2-1/etc/uvm-1.2/verdi/uvm_verdi_reg_recording.sv:661 NO "a non-pure void function call" (662)
/usr/caen/vcs-2023.12-SP2-1/etc/uvm-1.2/verdi/uvm_verdi_reg_recording.sv:668 NO "a non-pure void function call" (669)
/usr/caen/vcs-2023.12-SP2-1/etc/uvm-1.2/verdi/uvm_verdi_reg_recording.sv:671 NO "a non-pure void function call" (669)
/usr/caen/vcs-2023.12-SP2-1/etc/uvm-1.2/verdi/uvm_verdi_reg_recording.sv:675 NO "a non-pure function call: uvm_reg::has_hdl_path" (675)
/usr/caen/vcs-2023.12-SP2-1/etc/uvm-1.2/verdi/uvm_verdi_reg_recording.sv:703 NO "a non-pure void function call" (704)
/usr/caen/vcs-2023.12-SP2-1/etc/uvm-1.2/verdi/uvm_verdi_reg_recording.sv:734 NO "a non-pure function call: verdi_cmdline_processor::is_verdi_trace_no_decl" (734)
/usr/caen/vcs-2023.12-SP2-1/etc/uvm-1.2/verdi/uvm_verdi_reg_recording.sv:739 NO "a dynamic type expression" (739)
/usr/caen/vcs-2023.12-SP2-1/etc/uvm-1.2/verdi/uvm_verdi_reg_recording.sv:741 NO "a dynamic type expression" (739)
/usr/caen/vcs-2023.12-SP2-1/etc/uvm-1.2/verdi/uvm_verdi_reg_recording.sv:752 NO "a non-pure function call: uvm_mem::has_hdl_path" (752)
/usr/caen/vcs-2023.12-SP2-1/etc/uvm-1.2/verdi/uvm_verdi_reg_recording.sv:798 NO "a dynamic type expression" (798)
/usr/caen/vcs-2023.12-SP2-1/etc/uvm-1.2/verdi/uvm_verdi_reg_recording.sv:800 NO "a dynamic type expression" (798)
/usr/caen/vcs-2023.12-SP2-1/etc/uvm-1.2/verdi/uvm_verdi_reg_recording.sv:807 NO "a dynamic type expression" (807)
/usr/caen/vcs-2023.12-SP2-1/etc/uvm-1.2/verdi/uvm_verdi_reg_recording.sv:809 NO "a dynamic type expression" (807)
/usr/caen/vcs-2023.12-SP2-1/etc/uvm-1.2/verdi/uvm_verdi_reg_recording.sv:818 NO "a non-pure function call: uvm_reg_block::is_hdl_path_root" (818)
/usr/caen/vcs-2023.12-SP2-1/etc/uvm-1.2/verdi/uvm_verdi_reg_recording.sv:822 NO "a dynamic type expression" (822)
/usr/caen/vcs-2023.12-SP2-1/etc/uvm-1.2/verdi/uvm_verdi_reg_recording.sv:833 NO "a dynamic type expression" (833)
/usr/caen/vcs-2023.12-SP2-1/etc/uvm-1.2/verdi/uvm_verdi_reg_recording.sv:840 NO "a dynamic type expression" (833)
/usr/caen/vcs-2023.12-SP2-1/etc/uvm-1.2/verdi/uvm_verdi_reg_recording.sv:845 NO "a non-pure function call: verdi_cmdline_processor::is_verdi_trace_ral" (845)
/usr/caen/vcs-2023.12-SP2-1/etc/uvm-1.2/verdi/uvm_verdi_reg_recording.sv:854 NO "a non-pure function call: verdi_cmdline_processor::is_verdi_trace_ral" (854)
/usr/caen/vcs-2023.12-SP2-1/etc/uvm-1.2/verdi/uvm_verdi_reg_recording.sv:857 NO "a non-pure function call: verdi_cmdline_processor::is_verdi_trace_ral" (854)
/usr/caen/vcs-2023.12-SP2-1/etc/uvm-1.2/verdi/uvm_verdi_reg_recording.sv:896 NO "a dynamic type expression" (896)
/usr/caen/vcs-2023.12-SP2-1/etc/uvm-1.2/verdi/uvm_verdi_reg_recording.sv:918 NO "a system function with side effects: $$assocexists" (918)
/usr/caen/vcs-2023.12-SP2-1/etc/uvm-1.2/verdi/uvm_custom_install_verdi_recorder.sv:308 NO "a system function with side effects: $value$plusargs" (309)
/usr/caen/vcs-2023.12-SP2-1/etc/uvm-1.2/verdi/uvm_custom_install_verdi_recorder.sv:310 NO "a system function with side effects: $value$plusargs" (309)
/usr/caen/vcs-2023.12-SP2-1/etc/uvm-1.2/verdi/uvm_custom_install_verdi_recorder.sv:315 NO "a system function with side effects: $$assocexists" (315)
/usr/caen/vcs-2023.12-SP2-1/etc/uvm-1.2/verdi/uvm_custom_install_verdi_recorder.sv:323 NO "a disabled 'break', 'continue', or 'return' statement" (325)
rs/dut.sv:72 YES
rs/dut.sv:80 YES
rs/dut.sv:96 YES
rs/dut.sv:110 YES
rs/sva.svh:48 YES
rs/sva.svh:72 YES
==================================================
X P R O P   S T A T I S T I C S
instrumentable assignments:    211
instrumented assignments:      43
instrumentation success rate:  20%
